info: This is OpenGeoSys-6 version 6.4.0-298-g82c977b9c.dirty.
info: OGS started on 2021-05-23 16:49:45+0200.
warning: Consider switching from mesh and geometry input to multiple meshes input. See https://www.opengeosys.org/docs/tools/meshing-submeshes/constructmeshesfromgeometry/ tool for conversion.
info: ConstantParameter: E
info: ConstantParameter: nu
info: ConstantParameter: T0
info: ConstantParameter: displacement0
info: ConstantParameter: pressure_ic
info: ConstantParameter: dirichlet0
info: ConstantParameter: Neumann0
info: ConstantParameter: temperature_ic
info: ConstantParameter: pressure_bc_left
info: ConstantParameter: temperature_bc_left
info: ConstantParameter: temperature_source_term
info: No source terms for process variable 'displacement' found.
info: No source terms for process variable 'pressure' found.
info: Initialize processes.
info: Solve processes.
info: [time] Output of timestep 0 took 0.004449 s.
info: === Time stepping at step #1 and time 5000 with step size 5000
info: Calculate non-equilibrium initial residuum.
info: [time] Assembly took 0.0228767 s.
info: [time] Applying Dirichlet BCs took 0.00169494 s.
info: ------------------------------------------------------------------
info: *** Eigen solver computation
info: -> scale
info: -> solve with BiCGSTAB (precon ILUT)
info: 	 iteration: 2/10000
info: 	 residual: 1.617297e-09

info: ------------------------------------------------------------------
info: [time] Linear solver took 0.0414183 s.
info: Convergence criterion, component 0: |dx|=3.7267e+04, |x|=3.9165e+04, |dx|/|x|=9.5152e-01
info: Convergence criterion, component 1: |dx|=1.7163e+09, |x|=1.7163e+09, |dx|/|x|=1.0000e+00
info: Convergence criterion, component 2: |dx|=2.3726e-03, |x|=2.3726e-03, |dx|/|x|=1.0000e+00
info: Convergence criterion, component 3: |dx|=2.3467e-03, |x|=2.3467e-03, |dx|/|x|=1.0000e+00
info: [time] Iteration #1 took 0.0666682 s.
info: [time] Assembly took 0.0257539 s.
info: [time] Applying Dirichlet BCs took 0.000989313 s.
info: ------------------------------------------------------------------
info: *** Eigen solver computation
info: -> scale
info: -> solve with BiCGSTAB (precon ILUT)
info: 	 iteration: 3/10000
info: 	 residual: 3.499696e-12

info: ------------------------------------------------------------------
info: [time] Linear solver took 0.0505044 s.
info: Convergence criterion, component 0: |dx|=5.5393e+01, |x|=3.9164e+04, |dx|/|x|=1.4144e-03
info: Convergence criterion, component 1: |dx|=4.5098e+08, |x|=1.2654e+09, |dx|/|x|=3.5640e-01
info: Convergence criterion, component 2: |dx|=9.4336e-04, |x|=3.0514e-03, |dx|/|x|=3.0915e-01
info: Convergence criterion, component 3: |dx|=9.3597e-04, |x|=3.0082e-03, |dx|/|x|=3.1114e-01
info: [time] Iteration #2 took 0.0779513 s.
info: [time] Assembly took 0.0256317 s.
info: [time] Applying Dirichlet BCs took 0.000970377 s.
info: ------------------------------------------------------------------
info: *** Eigen solver computation
info: -> scale
info: -> solve with BiCGSTAB (precon ILUT)
info: 	 iteration: 3/10000
info: 	 residual: 5.684100e-12

info: ------------------------------------------------------------------
info: [time] Linear solver took 0.0473144 s.
info: Convergence criterion, component 0: |dx|=2.4316e-01, |x|=3.9164e+04, |dx|/|x|=6.2087e-06
info: Convergence criterion, component 1: |dx|=4.7823e+06, |x|=1.2607e+09, |dx|/|x|=3.7935e-03
info: Convergence criterion, component 2: |dx|=5.1486e-06, |x|=3.0562e-03, |dx|/|x|=1.6846e-03
info: Convergence criterion, component 3: |dx|=5.0496e-06, |x|=3.0128e-03, |dx|/|x|=1.6760e-03
info: [time] Iteration #3 took 0.0745813 s.
info: [time] Assembly took 0.0259307 s.
info: [time] Applying Dirichlet BCs took 0.00104916 s.
info: ------------------------------------------------------------------
info: *** Eigen solver computation
info: -> scale
info: -> solve with BiCGSTAB (precon ILUT)
info: 	 iteration: 3/10000
info: 	 residual: 6.374063e-12

info: ------------------------------------------------------------------
info: [time] Linear solver took 0.0492469 s.
info: Convergence criterion, component 0: |dx|=1.2455e-03, |x|=3.9164e+04, |dx|/|x|=3.1802e-08
info: Convergence criterion, component 1: |dx|=2.2745e+04, |x|=1.2606e+09, |dx|/|x|=1.8042e-05
info: Convergence criterion, component 2: |dx|=2.3111e-08, |x|=3.0562e-03, |dx|/|x|=7.5619e-06
info: Convergence criterion, component 3: |dx|=2.2687e-08, |x|=3.0128e-03, |dx|/|x|=7.5302e-06
info: [time] Iteration #4 took 0.0769811 s.
info: [time] Assembly took 0.0253563 s.
info: [time] Applying Dirichlet BCs took 0.00120158 s.
info: ------------------------------------------------------------------
info: *** Eigen solver computation
info: -> scale
info: -> solve with BiCGSTAB (precon ILUT)
info: 	 iteration: 3/10000
info: 	 residual: 6.568625e-12

info: ------------------------------------------------------------------
info: [time] Linear solver took 0.0483914 s.
info: Convergence criterion, component 0: |dx|=6.7209e-06, |x|=3.9164e+04, |dx|/|x|=1.7161e-10
info: Convergence criterion, component 1: |dx|=1.2432e+02, |x|=1.2606e+09, |dx|/|x|=9.8619e-08
info: Convergence criterion, component 2: |dx|=1.1952e-10, |x|=3.0562e-03, |dx|/|x|=3.9108e-08
info: Convergence criterion, component 3: |dx|=1.1750e-10, |x|=3.0128e-03, |dx|/|x|=3.9001e-08
info: [time] Iteration #5 took 0.0756825 s.
info: [time] Assembly took 0.0254834 s.
info: [time] Applying Dirichlet BCs took 0.000928107 s.
info: ------------------------------------------------------------------
info: *** Eigen solver computation
info: -> scale
info: -> solve with BiCGSTAB (precon ILUT)
info: 	 iteration: 3/10000
info: 	 residual: 6.955105e-12

info: ------------------------------------------------------------------
info: [time] Linear solver took 0.0481556 s.
info: Convergence criterion, component 0: |dx|=3.6432e-08, |x|=3.9164e+04, |dx|/|x|=9.3025e-13
info: Convergence criterion, component 1: |dx|=6.7923e-01, |x|=1.2606e+09, |dx|/|x|=5.3880e-10
info: Convergence criterion, component 2: |dx|=6.4251e-13, |x|=3.0562e-03, |dx|/|x|=2.1023e-10
info: Convergence criterion, component 3: |dx|=6.3184e-13, |x|=3.0128e-03, |dx|/|x|=2.0972e-10
info: [time] Iteration #6 took 0.0752353 s.
info: [time] Assembly took 0.026996 s.
info: [time] Applying Dirichlet BCs took 0.000987176 s.
info: ------------------------------------------------------------------
info: *** Eigen solver computation
info: -> scale
info: -> solve with BiCGSTAB (precon ILUT)
info: 	 iteration: 3/10000
info: 	 residual: 6.415853e-11

info: ------------------------------------------------------------------
info: [time] Linear solver took 0.0458059 s.
info: Convergence criterion, component 0: |dx|=1.9728e-10, |x|=3.9164e+04, |dx|/|x|=5.0373e-15
info: Convergence criterion, component 1: |dx|=3.7039e-03, |x|=1.2606e+09, |dx|/|x|=2.9381e-12
info: Convergence criterion, component 2: |dx|=3.4798e-15, |x|=3.0562e-03, |dx|/|x|=1.1386e-12
info: Convergence criterion, component 3: |dx|=3.4207e-15, |x|=3.0128e-03, |dx|/|x|=1.1354e-12
info: [time] Iteration #7 took 0.0744721 s.
info: [time] Assembly took 0.0261216 s.
info: [time] Applying Dirichlet BCs took 0.000942844 s.
info: ------------------------------------------------------------------
info: *** Eigen solver computation
info: -> scale
info: -> solve with BiCGSTAB (precon ILUT)
info: 	 iteration: 3/10000
info: 	 residual: 7.540193e-12

info: ------------------------------------------------------------------
info: [time] Linear solver took 0.0474391 s.
info: Convergence criterion, component 0: |dx|=1.7824e-11, |x|=3.9164e+04, |dx|/|x|=4.5510e-16
info: Convergence criterion, component 1: |dx|=2.1168e-05, |x|=1.2606e+09, |dx|/|x|=1.6792e-14
info: Convergence criterion, component 2: |dx|=1.7206e-17, |x|=3.0562e-03, |dx|/|x|=5.6300e-15
info: Convergence criterion, component 3: |dx|=1.6333e-17, |x|=3.0128e-03, |dx|/|x|=5.4212e-15
info: [time] Iteration #8 took 0.0751858 s.
info: [time] Assembly took 0.0254249 s.
info: [time] Applying Dirichlet BCs took 0.00106409 s.
info: ------------------------------------------------------------------
info: *** Eigen solver computation
info: -> scale
info: -> solve with BiCGSTAB (precon ILUT)
info: 	 iteration: 3/10000
info: 	 residual: 1.632618e-12

info: ------------------------------------------------------------------
info: [time] Linear solver took 0.0470338 s.
info: Convergence criterion, component 0: |dx|=6.2155e-12, |x|=3.9164e+04, |dx|/|x|=1.5870e-16
info: Convergence criterion, component 1: |dx|=8.7842e-07, |x|=1.2606e+09, |dx|/|x|=6.9681e-16
info: Convergence criterion, component 2: |dx|=2.3842e-18, |x|=3.0562e-03, |dx|/|x|=7.8010e-16
info: Convergence criterion, component 3: |dx|=2.8540e-18, |x|=3.0128e-03, |dx|/|x|=9.4730e-16
info: [time] Iteration #9 took 0.0742468 s.
info: [time] Solving process #0 took 0.676563 s in time step #1 
info: [time] Time step #1 took 0.677939 s.
info: === Time stepping at step #2 and time 10000 with step size 5000
info: [time] Assembly took 0.0227598 s.
info: [time] Applying Dirichlet BCs took 0.000954802 s.
info: ------------------------------------------------------------------
info: *** Eigen solver computation
info: -> scale
info: -> solve with BiCGSTAB (precon ILUT)
info: 	 iteration: 3/10000
info: 	 residual: 1.042939e-10

info: ------------------------------------------------------------------
info: [time] Linear solver took 0.0480407 s.
info: Convergence criterion, component 0: |dx|=9.8702e+02, |x|=3.9642e+04, |dx|/|x|=2.4899e-02
info: Convergence criterion, component 1: |dx|=3.6799e+08, |x|=1.0930e+09, |dx|/|x|=3.3669e-01
info: Convergence criterion, component 2: |dx|=7.6088e-04, |x|=3.4337e-03, |dx|/|x|=2.2159e-01
info: Convergence criterion, component 3: |dx|=7.5552e-04, |x|=3.3965e-03, |dx|/|x|=2.2244e-01
info: [time] Iteration #1 took 0.0724584 s.
info: [time] Assembly took 0.0262199 s.
info: [time] Applying Dirichlet BCs took 0.000959181 s.
info: ------------------------------------------------------------------
info: *** Eigen solver computation
info: -> scale
info: -> solve with BiCGSTAB (precon ILUT)
info: 	 iteration: 3/10000
info: 	 residual: 8.797529e-12

info: ------------------------------------------------------------------
info: [time] Linear solver took 0.0499084 s.
info: Convergence criterion, component 0: |dx|=8.0756e-01, |x|=3.9642e+04, |dx|/|x|=2.0371e-05
info: Convergence criterion, component 1: |dx|=1.1984e+08, |x|=9.7356e+08, |dx|/|x|=1.2309e-01
info: Convergence criterion, component 2: |dx|=7.8841e-05, |x|=3.5081e-03, |dx|/|x|=2.2474e-02
info: Convergence criterion, component 3: |dx|=7.7741e-05, |x|=3.4697e-03, |dx|/|x|=2.2406e-02
info: [time] Iteration #2 took 0.0777779 s.
info: [time] Assembly took 0.0250722 s.
info: [time] Applying Dirichlet BCs took 0.00100789 s.
info: ------------------------------------------------------------------
info: *** Eigen solver computation
info: -> scale
info: -> solve with BiCGSTAB (precon ILUT)
info: 	 iteration: 3/10000
info: 	 residual: 7.804946e-12

info: ------------------------------------------------------------------
info: [time] Linear solver took 0.047717 s.
info: Convergence criterion, component 0: |dx|=1.5366e-03, |x|=3.9642e+04, |dx|/|x|=3.8761e-08
info: Convergence criterion, component 1: |dx|=1.2516e+05, |x|=9.7344e+08, |dx|/|x|=1.2857e-04
info: Convergence criterion, component 2: |dx|=5.6478e-08, |x|=3.5081e-03, |dx|/|x|=1.6099e-05
info: Convergence criterion, component 3: |dx|=5.6222e-08, |x|=3.4698e-03, |dx|/|x|=1.6203e-05
info: [time] Iteration #3 took 0.07452 s.
info: [time] Assembly took 0.0254028 s.
info: [time] Applying Dirichlet BCs took 0.00107148 s.
info: ------------------------------------------------------------------
info: *** Eigen solver computation
info: -> scale
info: -> solve with BiCGSTAB (precon ILUT)
info: 	 iteration: 3/10000
info: 	 residual: 7.206997e-12

info: ------------------------------------------------------------------
info: [time] Linear solver took 0.0492877 s.
info: Convergence criterion, component 0: |dx|=2.4090e-06, |x|=3.9642e+04, |dx|/|x|=6.0768e-11
info: Convergence criterion, component 1: |dx|=2.1690e+02, |x|=9.7343e+08, |dx|/|x|=2.2282e-07
info: Convergence criterion, component 2: |dx|=1.1979e-10, |x|=3.5081e-03, |dx|/|x|=3.4146e-08
info: Convergence criterion, component 3: |dx|=1.1866e-10, |x|=3.4698e-03, |dx|/|x|=3.4200e-08
info: [time] Iteration #4 took 0.076502 s.
info: [time] Assembly took 0.0257595 s.
info: [time] Applying Dirichlet BCs took 0.00105141 s.
info: ------------------------------------------------------------------
info: *** Eigen solver computation
info: -> scale
info: -> solve with BiCGSTAB (precon ILUT)
info: 	 iteration: 3/10000
info: 	 residual: 5.861890e-11

info: ------------------------------------------------------------------
info: [time] Linear solver took 0.0486173 s.
info: Convergence criterion, component 0: |dx|=3.7131e-09, |x|=3.9642e+04, |dx|/|x|=9.3665e-14
info: Convergence criterion, component 1: |dx|=3.3804e-01, |x|=9.7343e+08, |dx|/|x|=3.4726e-10
info: Convergence criterion, component 2: |dx|=1.9136e-13, |x|=3.5081e-03, |dx|/|x|=5.4547e-11
info: Convergence criterion, component 3: |dx|=1.8950e-13, |x|=3.4698e-03, |dx|/|x|=5.4616e-11
info: [time] Iteration #5 took 0.0761214 s.
info: [time] Assembly took 0.0257004 s.
info: [time] Applying Dirichlet BCs took 0.000908523 s.
info: ------------------------------------------------------------------
info: *** Eigen solver computation
info: -> scale
info: -> solve with BiCGSTAB (precon ILUT)
info: 	 iteration: 3/10000
info: 	 residual: 1.400214e-11

info: ------------------------------------------------------------------
info: [time] Linear solver took 0.0482478 s.
info: Convergence criterion, component 0: |dx|=2.0233e-11, |x|=3.9642e+04, |dx|/|x|=5.1040e-16
info: Convergence criterion, component 1: |dx|=5.1651e-04, |x|=9.7343e+08, |dx|/|x|=5.3061e-13
info: Convergence criterion, component 2: |dx|=3.0241e-16, |x|=3.5081e-03, |dx|/|x|=8.6203e-14
info: Convergence criterion, component 3: |dx|=2.9726e-16, |x|=3.4698e-03, |dx|/|x|=8.5672e-14
info: [time] Iteration #6 took 0.0755367 s.
info: [time] Assembly took 0.0256844 s.
info: [time] Applying Dirichlet BCs took 0.00113137 s.
info: ------------------------------------------------------------------
info: *** Eigen solver computation
info: -> scale
info: -> solve with BiCGSTAB (precon ILUT)
info: 	 iteration: 3/10000
info: 	 residual: 3.615294e-12

info: ------------------------------------------------------------------
info: [time] Linear solver took 0.0507235 s.
info: Convergence criterion, component 0: |dx|=2.7436e-12, |x|=3.9642e+04, |dx|/|x|=6.9209e-17
info: Convergence criterion, component 1: |dx|=2.7618e-06, |x|=9.7343e+08, |dx|/|x|=2.8372e-15
info: Convergence criterion, component 2: |dx|=2.7162e-18, |x|=3.5081e-03, |dx|/|x|=7.7427e-16
info: Convergence criterion, component 3: |dx|=3.5770e-18, |x|=3.4698e-03, |dx|/|x|=1.0309e-15
info: [time] Iteration #7 took 0.0782843 s.
info: [time] Solving process #0 took 0.536476 s in time step #2 
info: [time] Time step #2 took 0.537828 s.
info: === Time stepping at step #3 and time 15000 with step size 5000
info: [time] Assembly took 0.0228316 s.
info: [time] Applying Dirichlet BCs took 0.00125863 s.
info: ------------------------------------------------------------------
info: *** Eigen solver computation
info: -> scale
info: -> solve with BiCGSTAB (precon ILUT)
info: 	 iteration: 3/10000
info: 	 residual: 1.156398e-10

info: ------------------------------------------------------------------
info: [time] Linear solver took 0.047977 s.
info: Convergence criterion, component 0: |dx|=3.6682e+02, |x|=3.9790e+04, |dx|/|x|=9.2189e-03
info: Convergence criterion, component 1: |dx|=1.5464e+08, |x|=8.9022e+08, |dx|/|x|=1.7371e-01
info: Convergence criterion, component 2: |dx|=4.5746e-04, |x|=3.6900e-03, |dx|/|x|=1.2397e-01
info: Convergence criterion, component 3: |dx|=4.5265e-04, |x|=3.6533e-03, |dx|/|x|=1.2390e-01
info: [time] Iteration #1 took 0.0727618 s.
info: [time] Assembly took 0.0258548 s.
info: [time] Applying Dirichlet BCs took 0.000978353 s.
info: ------------------------------------------------------------------
info: *** Eigen solver computation
info: -> scale
info: -> solve with BiCGSTAB (precon ILUT)
info: 	 iteration: 3/10000
info: 	 residual: 9.256957e-12

info: ------------------------------------------------------------------
info: [time] Linear solver took 0.0485223 s.
info: Convergence criterion, component 0: |dx|=2.3081e-01, |x|=3.9791e+04, |dx|/|x|=5.8005e-06
info: Convergence criterion, component 1: |dx|=5.6812e+07, |x|=8.3386e+08, |dx|/|x|=6.8131e-02
info: Convergence criterion, component 2: |dx|=2.3182e-05, |x|=3.7121e-03, |dx|/|x|=6.2450e-03
info: Convergence criterion, component 3: |dx|=2.3012e-05, |x|=3.6753e-03, |dx|/|x|=6.2613e-03
info: [time] Iteration #2 took 0.076032 s.
info: [time] Assembly took 0.0272443 s.
info: [time] Applying Dirichlet BCs took 0.00103048 s.
info: ------------------------------------------------------------------
info: *** Eigen solver computation
info: -> scale
info: -> solve with BiCGSTAB (precon ILUT)
info: 	 iteration: 3/10000
info: 	 residual: 9.410933e-12

info: ------------------------------------------------------------------
info: [time] Linear solver took 0.0496545 s.
info: Convergence criterion, component 0: |dx|=2.1268e-04, |x|=3.9791e+04, |dx|/|x|=5.3449e-09
info: Convergence criterion, component 1: |dx|=3.8280e+04, |x|=8.3383e+08, |dx|/|x|=4.5909e-05
info: Convergence criterion, component 2: |dx|=1.3787e-08, |x|=3.7122e-03, |dx|/|x|=3.7139e-06
info: Convergence criterion, component 3: |dx|=1.3730e-08, |x|=3.6753e-03, |dx|/|x|=3.7357e-06
info: [time] Iteration #3 took 0.0786415 s.
info: [time] Assembly took 0.0249587 s.
info: [time] Applying Dirichlet BCs took 0.000993313 s.
info: ------------------------------------------------------------------
info: *** Eigen solver computation
info: -> scale
info: -> solve with BiCGSTAB (precon ILUT)
info: 	 iteration: 3/10000
info: 	 residual: 8.892356e-12

info: ------------------------------------------------------------------
info: [time] Linear solver took 0.0483648 s.
info: Convergence criterion, component 0: |dx|=1.6419e-07, |x|=3.9791e+04, |dx|/|x|=4.1262e-12
info: Convergence criterion, component 1: |dx|=3.3464e+01, |x|=8.3383e+08, |dx|/|x|=4.0133e-08
info: Convergence criterion, component 2: |dx|=1.4001e-11, |x|=3.7122e-03, |dx|/|x|=3.7717e-09
info: Convergence criterion, component 3: |dx|=1.3915e-11, |x|=3.6753e-03, |dx|/|x|=3.7861e-09
info: [time] Iteration #4 took 0.0750247 s.
info: [time] Assembly took 0.0256493 s.
info: [time] Applying Dirichlet BCs took 0.00105019 s.
info: ------------------------------------------------------------------
info: *** Eigen solver computation
info: -> scale
info: -> solve with BiCGSTAB (precon ILUT)
info: 	 iteration: 3/10000
info: 	 residual: 9.401563e-12

info: ------------------------------------------------------------------
info: [time] Linear solver took 0.0502403 s.
info: Convergence criterion, component 0: |dx|=1.2709e-10, |x|=3.9791e+04, |dx|/|x|=3.1941e-15
info: Convergence criterion, component 1: |dx|=2.5870e-02, |x|=8.3383e+08, |dx|/|x|=3.1026e-11
info: Convergence criterion, component 2: |dx|=1.0939e-14, |x|=3.7122e-03, |dx|/|x|=2.9468e-12
info: Convergence criterion, component 3: |dx|=1.0873e-14, |x|=3.6753e-03, |dx|/|x|=2.9586e-12
info: [time] Iteration #5 took 0.0776316 s.
info: [time] Assembly took 0.0251502 s.
info: [time] Applying Dirichlet BCs took 0.000930447 s.
info: ------------------------------------------------------------------
info: *** Eigen solver computation
info: -> scale
info: -> solve with BiCGSTAB (precon ILUT)
info: 	 iteration: 3/10000
info: 	 residual: 3.925503e-12

info: ------------------------------------------------------------------
info: [time] Linear solver took 0.0479971 s.
info: Convergence criterion, component 0: |dx|=4.8566e-12, |x|=3.9791e+04, |dx|/|x|=1.2205e-16
info: Convergence criterion, component 1: |dx|=1.9853e-05, |x|=8.3383e+08, |dx|/|x|=2.3809e-14
info: Convergence criterion, component 2: |dx|=8.2506e-18, |x|=3.7122e-03, |dx|/|x|=2.2226e-15
info: Convergence criterion, component 3: |dx|=5.8945e-18, |x|=3.6753e-03, |dx|/|x|=1.6038e-15
info: [time] Iteration #6 took 0.0747791 s.
info: [time] Assembly took 0.025648 s.
info: [time] Applying Dirichlet BCs took 0.00102336 s.
info: ------------------------------------------------------------------
info: *** Eigen solver computation
info: -> scale
info: -> solve with BiCGSTAB (precon ILUT)
info: 	 iteration: 3/10000
info: 	 residual: 1.297212e-12

info: ------------------------------------------------------------------
info: [time] Linear solver took 0.048168 s.
info: Convergence criterion, component 0: |dx|=3.2719e-12, |x|=3.9791e+04, |dx|/|x|=8.2228e-17
info: Convergence criterion, component 1: |dx|=1.0103e-06, |x|=8.3383e+08, |dx|/|x|=1.2117e-15
info: Convergence criterion, component 2: |dx|=2.2374e-18, |x|=3.7122e-03, |dx|/|x|=6.0272e-16
info: Convergence criterion, component 3: |dx|=3.7880e-18, |x|=3.6753e-03, |dx|/|x|=1.0307e-15
info: [time] Iteration #7 took 0.075529 s.
info: [time] Solving process #0 took 0.53563 s in time step #3 
info: [time] Time step #3 took 0.53705 s.
info: === Time stepping at step #4 and time 20000 with step size 5000
info: [time] Assembly took 0.0233579 s.
info: [time] Applying Dirichlet BCs took 0.000911556 s.
info: ------------------------------------------------------------------
info: *** Eigen solver computation
info: -> scale
info: -> solve with BiCGSTAB (precon ILUT)
info: 	 iteration: 3/10000
info: 	 residual: 5.546106e-10

info: ------------------------------------------------------------------
info: [time] Linear solver took 0.0504907 s.
info: Convergence criterion, component 0: |dx|=2.0715e+02, |x|=3.9872e+04, |dx|/|x|=5.1955e-03
info: Convergence criterion, component 1: |dx|=9.0531e+07, |x|=7.8137e+08, |dx|/|x|=1.1586e-01
info: Convergence criterion, component 2: |dx|=3.2863e-04, |x|=3.8293e-03, |dx|/|x|=8.5819e-02
info: Convergence criterion, component 3: |dx|=3.2477e-04, |x|=3.7924e-03, |dx|/|x|=8.5638e-02
info: [time] Iteration #1 took 0.075448 s.
info: [time] Assembly took 0.0252439 s.
info: [time] Applying Dirichlet BCs took 0.000961179 s.
info: ------------------------------------------------------------------
info: *** Eigen solver computation
info: -> scale
info: -> solve with BiCGSTAB (precon ILUT)
info: 	 iteration: 3/10000
info: 	 residual: 7.786977e-12

info: ------------------------------------------------------------------
info: [time] Linear solver took 0.0483725 s.
info: Convergence criterion, component 0: |dx|=9.4439e-02, |x|=3.9872e+04, |dx|/|x|=2.3686e-06
info: Convergence criterion, component 1: |dx|=3.4544e+07, |x|=7.4720e+08, |dx|/|x|=4.6231e-02
info: Convergence criterion, component 2: |dx|=1.0612e-05, |x|=3.8394e-03, |dx|/|x|=2.7639e-03
info: Convergence criterion, component 3: |dx|=1.0550e-05, |x|=3.8024e-03, |dx|/|x|=2.7745e-03
info: [time] Iteration #2 took 0.0752922 s.
info: [time] Assembly took 0.0254662 s.
info: [time] Applying Dirichlet BCs took 0.000912046 s.
info: ------------------------------------------------------------------
info: *** Eigen solver computation
info: -> scale
info: -> solve with BiCGSTAB (precon ILUT)
info: 	 iteration: 3/10000
info: 	 residual: 1.002910e-11

info: ------------------------------------------------------------------
info: [time] Linear solver took 0.0501811 s.
info: Convergence criterion, component 0: |dx|=5.6210e-05, |x|=3.9872e+04, |dx|/|x|=1.4098e-09
info: Convergence criterion, component 1: |dx|=1.6306e+04, |x|=7.4718e+08, |dx|/|x|=2.1824e-05
info: Convergence criterion, component 2: |dx|=4.8792e-09, |x|=3.8394e-03, |dx|/|x|=1.2708e-06
info: Convergence criterion, component 3: |dx|=4.8581e-09, |x|=3.8024e-03, |dx|/|x|=1.2776e-06
info: [time] Iteration #3 took 0.0772734 s.
info: [time] Assembly took 0.0265936 s.
info: [time] Applying Dirichlet BCs took 0.00112657 s.
info: ------------------------------------------------------------------
info: *** Eigen solver computation
info: -> scale
info: -> solve with BiCGSTAB (precon ILUT)
info: 	 iteration: 3/10000
info: 	 residual: 9.507434e-12

info: ------------------------------------------------------------------
info: [time] Linear solver took 0.0491967 s.
info: Convergence criterion, component 0: |dx|=2.6194e-08, |x|=3.9872e+04, |dx|/|x|=6.5696e-13
info: Convergence criterion, component 1: |dx|=9.2484e+00, |x|=7.4718e+08, |dx|/|x|=1.2378e-08
info: Convergence criterion, component 2: |dx|=3.2257e-12, |x|=3.8394e-03, |dx|/|x|=8.4017e-10
info: Convergence criterion, component 3: |dx|=3.2088e-12, |x|=3.8024e-03, |dx|/|x|=8.4389e-10
info: [time] Iteration #4 took 0.0776261 s.
info: [time] Assembly took 0.0251534 s.
info: [time] Applying Dirichlet BCs took 0.00097566 s.
info: ------------------------------------------------------------------
info: *** Eigen solver computation
info: -> scale
info: -> solve with BiCGSTAB (precon ILUT)
info: 	 iteration: 3/10000
info: 	 residual: 4.074595e-11

info: ------------------------------------------------------------------
info: [time] Linear solver took 0.0491815 s.
info: Convergence criterion, component 0: |dx|=2.5862e-11, |x|=3.9872e+04, |dx|/|x|=6.4862e-16
info: Convergence criterion, component 1: |dx|=4.3557e-03, |x|=7.4718e+08, |dx|/|x|=5.8296e-12
info: Convergence criterion, component 2: |dx|=1.5198e-15, |x|=3.8394e-03, |dx|/|x|=3.9585e-13
info: Convergence criterion, component 3: |dx|=1.5129e-15, |x|=3.8024e-03, |dx|/|x|=3.9787e-13
info: [time] Iteration #5 took 0.076011 s.
info: [time] Assembly took 0.0254556 s.
info: [time] Applying Dirichlet BCs took 0.00100848 s.
info: ------------------------------------------------------------------
info: *** Eigen solver computation
info: -> scale
info: -> solve with BiCGSTAB (precon ILUT)
info: 	 iteration: 3/10000
info: 	 residual: 3.449491e-11

info: ------------------------------------------------------------------
info: [time] Linear solver took 0.0509948 s.
info: Convergence criterion, component 0: |dx|=7.0728e-12, |x|=3.9872e+04, |dx|/|x|=1.7739e-16
info: Convergence criterion, component 1: |dx|=6.2073e-06, |x|=7.4718e+08, |dx|/|x|=8.3077e-15
info: Convergence criterion, component 2: |dx|=4.3433e-18, |x|=3.8394e-03, |dx|/|x|=1.1313e-15
info: Convergence criterion, component 3: |dx|=4.6773e-18, |x|=3.8024e-03, |dx|/|x|=1.2301e-15
info: [time] Iteration #6 took 0.078166 s.
info: [time] Solving process #0 took 0.465084 s in time step #4 
info: [time] Time step #4 took 0.466437 s.
info: === Time stepping at step #5 and time 25000 with step size 5000
info: [time] Assembly took 0.0237803 s.
info: [time] Applying Dirichlet BCs took 0.000902295 s.
info: ------------------------------------------------------------------
info: *** Eigen solver computation
info: -> scale
info: -> solve with BiCGSTAB (precon ILUT)
info: 	 iteration: 3/10000
info: 	 residual: 7.489762e-10

info: ------------------------------------------------------------------
info: [time] Linear solver took 0.0495911 s.
info: Convergence criterion, component 0: |dx|=1.3832e+02, |x|=3.9925e+04, |dx|/|x|=3.4646e-03
info: Convergence criterion, component 1: |dx|=6.1470e+07, |x|=7.0989e+08, |dx|/|x|=8.6591e-02
info: Convergence criterion, component 2: |dx|=2.5690e-04, |x|=3.9252e-03, |dx|/|x|=6.5449e-02
info: Convergence criterion, component 3: |dx|=2.5426e-04, |x|=3.8878e-03, |dx|/|x|=6.5401e-02
info: [time] Iteration #1 took 0.0749359 s.
info: [time] Assembly took 0.0252432 s.
info: [time] Applying Dirichlet BCs took 0.000963737 s.
info: ------------------------------------------------------------------
info: *** Eigen solver computation
info: -> scale
info: -> solve with BiCGSTAB (precon ILUT)
info: 	 iteration: 3/10000
info: 	 residual: 6.259208e-12

info: ------------------------------------------------------------------
info: [time] Linear solver took 0.0480202 s.
info: Convergence criterion, component 0: |dx|=4.7477e-02, |x|=3.9925e+04, |dx|/|x|=1.1891e-06
info: Convergence criterion, component 1: |dx|=2.3861e+07, |x|=6.8633e+08, |dx|/|x|=3.4766e-02
info: Convergence criterion, component 2: |dx|=6.0233e-06, |x|=3.9309e-03, |dx|/|x|=1.5323e-03
info: Convergence criterion, component 3: |dx|=5.9842e-06, |x|=3.8934e-03, |dx|/|x|=1.5370e-03
info: [time] Iteration #2 took 0.0749504 s.
info: [time] Assembly took 0.0259625 s.
info: [time] Applying Dirichlet BCs took 0.000951982 s.
info: ------------------------------------------------------------------
info: *** Eigen solver computation
info: -> scale
info: -> solve with BiCGSTAB (precon ILUT)
info: 	 iteration: 3/10000
info: 	 residual: 9.851974e-12

info: ------------------------------------------------------------------
info: [time] Linear solver took 0.0490029 s.
info: Convergence criterion, component 0: |dx|=2.0911e-05, |x|=3.9925e+04, |dx|/|x|=5.2375e-10
info: Convergence criterion, component 1: |dx|=8.4128e+03, |x|=6.8632e+08, |dx|/|x|=1.2258e-05
info: Convergence criterion, component 2: |dx|=2.1811e-09, |x|=3.9309e-03, |dx|/|x|=5.5485e-07
info: Convergence criterion, component 3: |dx|=2.1683e-09, |x|=3.8934e-03, |dx|/|x|=5.5692e-07
info: [time] Iteration #3 took 0.0766197 s.
info: [time] Assembly took 0.0255319 s.
info: [time] Applying Dirichlet BCs took 0.00112077 s.
info: ------------------------------------------------------------------
info: *** Eigen solver computation
info: -> scale
info: -> solve with BiCGSTAB (precon ILUT)
info: 	 iteration: 3/10000
info: 	 residual: 1.005196e-11

info: ------------------------------------------------------------------
info: [time] Linear solver took 0.0485045 s.
info: Convergence criterion, component 0: |dx|=6.2646e-09, |x|=3.9925e+04, |dx|/|x|=1.5691e-13
info: Convergence criterion, component 1: |dx|=3.5063e+00, |x|=6.8632e+08, |dx|/|x|=5.1089e-09
info: Convergence criterion, component 2: |dx|=1.0829e-12, |x|=3.9309e-03, |dx|/|x|=2.7547e-10
info: Convergence criterion, component 3: |dx|=1.0765e-12, |x|=3.8934e-03, |dx|/|x|=2.7648e-10
info: [time] Iteration #4 took 0.0758468 s.
info: [time] Assembly took 0.0256539 s.
info: [time] Applying Dirichlet BCs took 0.000943667 s.
info: ------------------------------------------------------------------
info: *** Eigen solver computation
info: -> scale
info: -> solve with BiCGSTAB (precon ILUT)
info: 	 iteration: 3/10000
info: 	 residual: 4.138375e-11

info: ------------------------------------------------------------------
info: [time] Linear solver took 0.0492902 s.
info: Convergence criterion, component 0: |dx|=7.4432e-12, |x|=3.9925e+04, |dx|/|x|=1.8643e-16
info: Convergence criterion, component 1: |dx|=1.0873e-03, |x|=6.8632e+08, |dx|/|x|=1.5842e-12
info: Convergence criterion, component 2: |dx|=3.1838e-16, |x|=3.9309e-03, |dx|/|x|=8.0994e-14
info: Convergence criterion, component 3: |dx|=3.1355e-16, |x|=3.8934e-03, |dx|/|x|=8.0532e-14
info: [time] Iteration #5 took 0.0766013 s.
info: [time] Assembly took 0.0262715 s.
info: [time] Applying Dirichlet BCs took 0.00101848 s.
info: ------------------------------------------------------------------
info: *** Eigen solver computation
info: -> scale
info: -> solve with BiCGSTAB (precon ILUT)
info: 	 iteration: 3/10000
info: 	 residual: 9.390878e-12

info: ------------------------------------------------------------------
info: [time] Linear solver took 0.0501351 s.
info: Convergence criterion, component 0: |dx|=6.5505e-12, |x|=3.9925e+04, |dx|/|x|=1.6407e-16
info: Convergence criterion, component 1: |dx|=1.1537e-06, |x|=6.8632e+08, |dx|/|x|=1.6810e-15
info: Convergence criterion, component 2: |dx|=6.6905e-18, |x|=3.9309e-03, |dx|/|x|=1.7020e-15
info: Convergence criterion, component 3: |dx|=7.0348e-18, |x|=3.8934e-03, |dx|/|x|=1.8068e-15
info: [time] Iteration #6 took 0.078074 s.
info: [time] Solving process #0 took 0.462308 s in time step #5 
info: [time] Time step #5 took 0.463669 s.
info: === Time stepping at step #6 and time 30000 with step size 5000
info: [time] Assembly took 0.0230573 s.
info: [time] Applying Dirichlet BCs took 0.00101355 s.
info: ------------------------------------------------------------------
info: *** Eigen solver computation
info: -> scale
info: -> solve with BiCGSTAB (precon ILUT)
info: 	 iteration: 3/10000
info: 	 residual: 2.755610e-10

info: ------------------------------------------------------------------
info: [time] Linear solver took 0.05117 s.
info: Convergence criterion, component 0: |dx|=1.0119e+02, |x|=3.9964e+04, |dx|/|x|=2.5320e-03
info: Convergence criterion, component 1: |dx|=4.5434e+07, |x|=6.5787e+08, |dx|/|x|=6.9063e-02
info: Convergence criterion, component 2: |dx|=2.1098e-04, |x|=3.9984e-03, |dx|/|x|=5.2766e-02
info: Convergence criterion, component 3: |dx|=2.0937e-04, |x|=3.9605e-03, |dx|/|x|=5.2864e-02
info: [time] Iteration #1 took 0.0758988 s.
info: [time] Assembly took 0.0251322 s.
info: [time] Applying Dirichlet BCs took 0.000991947 s.
info: ------------------------------------------------------------------
info: *** Eigen solver computation
info: -> scale
info: -> solve with BiCGSTAB (precon ILUT)
info: 	 iteration: 3/10000
info: 	 residual: 6.743136e-12

info: ------------------------------------------------------------------
info: [time] Linear solver took 0.0513651 s.
info: Convergence criterion, component 0: |dx|=2.7168e-02, |x|=3.9964e+04, |dx|/|x|=6.7981e-07
info: Convergence criterion, component 1: |dx|=1.7791e+07, |x|=6.4032e+08, |dx|/|x|=2.7784e-02
info: Convergence criterion, component 2: |dx|=3.8735e-06, |x|=4.0020e-03, |dx|/|x|=9.6788e-04
info: Convergence criterion, component 3: |dx|=3.8437e-06, |x|=3.9641e-03, |dx|/|x|=9.6962e-04
info: [time] Iteration #2 took 0.0781727 s.
info: [time] Assembly took 0.0256457 s.
info: [time] Applying Dirichlet BCs took 0.000911249 s.
info: ------------------------------------------------------------------
info: *** Eigen solver computation
info: -> scale
info: -> solve with BiCGSTAB (precon ILUT)
info: 	 iteration: 3/10000
info: 	 residual: 9.368832e-12

info: ------------------------------------------------------------------
info: [time] Linear solver took 0.0488887 s.
info: Convergence criterion, component 0: |dx|=9.6102e-06, |x|=3.9964e+04, |dx|/|x|=2.4047e-10
info: Convergence criterion, component 1: |dx|=4.9000e+03, |x|=6.4031e+08, |dx|/|x|=7.6525e-06
info: Convergence criterion, component 2: |dx|=1.1350e-09, |x|=4.0020e-03, |dx|/|x|=2.8361e-07
info: Convergence criterion, component 3: |dx|=1.1258e-09, |x|=3.9641e-03, |dx|/|x|=2.8400e-07
info: [time] Iteration #3 took 0.0761224 s.
info: [time] Assembly took 0.0252685 s.
info: [time] Applying Dirichlet BCs took 0.00119561 s.
info: ------------------------------------------------------------------
info: *** Eigen solver computation
info: -> scale
info: -> solve with BiCGSTAB (precon ILUT)
info: 	 iteration: 3/10000
info: 	 residual: 1.004593e-11

info: ------------------------------------------------------------------
info: [time] Linear solver took 0.0485856 s.
info: Convergence criterion, component 0: |dx|=1.8440e-09, |x|=3.9964e+04, |dx|/|x|=4.6142e-14
info: Convergence criterion, component 1: |dx|=1.6205e+00, |x|=6.4031e+08, |dx|/|x|=2.5308e-09
info: Convergence criterion, component 2: |dx|=4.6264e-13, |x|=4.0020e-03, |dx|/|x|=1.1560e-10
info: Convergence criterion, component 3: |dx|=4.5923e-13, |x|=3.9641e-03, |dx|/|x|=1.1585e-10
info: [time] Iteration #4 took 0.0757854 s.
info: [time] Assembly took 0.0257019 s.
info: [time] Applying Dirichlet BCs took 0.00092785 s.
info: ------------------------------------------------------------------
info: *** Eigen solver computation
info: -> scale
info: -> solve with BiCGSTAB (precon ILUT)
info: 	 iteration: 3/10000
info: 	 residual: 2.397596e-11

info: ------------------------------------------------------------------
info: [time] Linear solver took 0.049224 s.
info: Convergence criterion, component 0: |dx|=1.1552e-11, |x|=3.9964e+04, |dx|/|x|=2.8907e-16
info: Convergence criterion, component 1: |dx|=3.3747e-04, |x|=6.4031e+08, |dx|/|x|=5.2703e-13
info: Convergence criterion, component 2: |dx|=8.2342e-17, |x|=4.0020e-03, |dx|/|x|=2.0575e-14
info: Convergence criterion, component 3: |dx|=8.0179e-17, |x|=3.9641e-03, |dx|/|x|=2.0226e-14
info: [time] Iteration #5 took 0.0765399 s.
info: [time] Assembly took 0.0254889 s.
info: [time] Applying Dirichlet BCs took 0.00104475 s.
info: ------------------------------------------------------------------
info: *** Eigen solver computation
info: -> scale
info: -> solve with BiCGSTAB (precon ILUT)
info: 	 iteration: 3/10000
info: 	 residual: 1.278460e-11

info: ------------------------------------------------------------------
info: [time] Linear solver took 0.0519253 s.
info: Convergence criterion, component 0: |dx|=1.2533e-11, |x|=3.9964e+04, |dx|/|x|=3.1360e-16
info: Convergence criterion, component 1: |dx|=5.2403e-06, |x|=6.4031e+08, |dx|/|x|=8.1839e-15
info: Convergence criterion, component 2: |dx|=7.8964e-18, |x|=4.0020e-03, |dx|/|x|=1.9731e-15
info: Convergence criterion, component 3: |dx|=6.7796e-18, |x|=3.9641e-03, |dx|/|x|=1.7103e-15
info: [time] Iteration #6 took 0.0791631 s.
info: [time] Solving process #0 took 0.466991 s in time step #6 
info: [time] Time step #6 took 0.468412 s.
info: === Time stepping at step #7 and time 35000 with step size 5000
info: [time] Assembly took 0.0240525 s.
info: [time] Applying Dirichlet BCs took 0.000987817 s.
info: ------------------------------------------------------------------
info: *** Eigen solver computation
info: -> scale
info: -> solve with BiCGSTAB (precon ILUT)
info: 	 iteration: 3/10000
info: 	 residual: 2.311926e-10

info: ------------------------------------------------------------------
info: [time] Linear solver took 0.051176 s.
info: Convergence criterion, component 0: |dx|=7.8406e+01, |x|=3.9994e+04, |dx|/|x|=1.9605e-03
info: Convergence criterion, component 1: |dx|=3.5477e+07, |x|=6.1758e+08, |dx|/|x|=5.7445e-02
info: Convergence criterion, component 2: |dx|=1.7902e-04, |x|=4.0576e-03, |dx|/|x|=4.4121e-02
info: Convergence criterion, component 3: |dx|=1.7815e-04, |x|=4.0193e-03, |dx|/|x|=4.4324e-02
info: [time] Iteration #1 took 0.0768968 s.
info: [time] Assembly took 0.0256951 s.
info: [time] Applying Dirichlet BCs took 0.000967659 s.
info: ------------------------------------------------------------------
info: *** Eigen solver computation
info: -> scale
info: -> solve with BiCGSTAB (precon ILUT)
info: 	 iteration: 3/10000
info: 	 residual: 8.940553e-12

info: ------------------------------------------------------------------
info: [time] Linear solver took 0.0491429 s.
info: Convergence criterion, component 0: |dx|=1.6979e-02, |x|=3.9994e+04, |dx|/|x|=4.2454e-07
info: Convergence criterion, component 1: |dx|=1.3952e+07, |x|=6.0382e+08, |dx|/|x|=2.3106e-02
info: Convergence criterion, component 2: |dx|=2.6996e-06, |x|=4.0601e-03, |dx|/|x|=6.6491e-04
info: Convergence criterion, component 3: |dx|=2.6760e-06, |x|=4.0218e-03, |dx|/|x|=6.6538e-04
info: [time] Iteration #2 took 0.0764883 s.
info: [time] Assembly took 0.0254749 s.
info: [time] Applying Dirichlet BCs took 0.000929691 s.
info: ------------------------------------------------------------------
info: *** Eigen solver computation
info: -> scale
info: -> solve with BiCGSTAB (precon ILUT)
info: 	 iteration: 3/10000
info: 	 residual: 8.623063e-12

info: ------------------------------------------------------------------
info: [time] Linear solver took 0.0496041 s.
info: Convergence criterion, component 0: |dx|=5.1021e-06, |x|=3.9994e+04, |dx|/|x|=1.2757e-10
info: Convergence criterion, component 1: |dx|=3.1020e+03, |x|=6.0382e+08, |dx|/|x|=5.1373e-06
info: Convergence criterion, component 2: |dx|=6.5663e-10, |x|=4.0601e-03, |dx|/|x|=1.6173e-07
info: Convergence criterion, component 3: |dx|=6.4973e-10, |x|=4.0218e-03, |dx|/|x|=1.6155e-07
info: [time] Iteration #3 took 0.0766778 s.
info: [time] Assembly took 0.0254628 s.
info: [time] Applying Dirichlet BCs took 0.00110196 s.
info: ------------------------------------------------------------------
info: *** Eigen solver computation
info: -> scale
info: -> solve with BiCGSTAB (precon ILUT)
info: 	 iteration: 3/10000
info: 	 residual: 9.784381e-12

info: ------------------------------------------------------------------
info: [time] Linear solver took 0.0516729 s.
info: Convergence criterion, component 0: |dx|=5.7498e-10, |x|=3.9994e+04, |dx|/|x|=1.4377e-14
info: Convergence criterion, component 1: |dx|=8.5840e-01, |x|=6.0382e+08, |dx|/|x|=1.4216e-09
info: Convergence criterion, component 2: |dx|=2.3467e-13, |x|=4.0601e-03, |dx|/|x|=5.7799e-11
info: Convergence criterion, component 3: |dx|=2.3257e-13, |x|=4.0218e-03, |dx|/|x|=5.7828e-11
info: [time] Iteration #4 took 0.0789045 s.
info: [time] Assembly took 0.0256944 s.
info: [time] Applying Dirichlet BCs took 0.00099808 s.
info: ------------------------------------------------------------------
info: *** Eigen solver computation
info: -> scale
info: -> solve with BiCGSTAB (precon ILUT)
info: 	 iteration: 3/10000
info: 	 residual: 5.011734e-12

info: ------------------------------------------------------------------
info: [time] Linear solver took 0.052073 s.
info: Convergence criterion, component 0: |dx|=2.8697e-11, |x|=3.9994e+04, |dx|/|x|=7.1754e-16
info: Convergence criterion, component 1: |dx|=1.0974e-04, |x|=6.0382e+08, |dx|/|x|=1.8174e-13
info: Convergence criterion, component 2: |dx|=3.0405e-17, |x|=4.0601e-03, |dx|/|x|=7.4887e-15
info: Convergence criterion, component 3: |dx|=3.1551e-17, |x|=4.0218e-03, |dx|/|x|=7.8452e-15
info: [time] Iteration #5 took 0.07967 s.
info: [time] Assembly took 0.0268718 s.
info: [time] Applying Dirichlet BCs took 0.00103596 s.
info: ------------------------------------------------------------------
info: *** Eigen solver computation
info: -> scale
info: -> solve with BiCGSTAB (precon ILUT)
info: 	 iteration: 3/10000
info: 	 residual: 1.902851e-12

info: ------------------------------------------------------------------
info: [time] Linear solver took 0.0522601 s.
info: Convergence criterion, component 0: |dx|=2.9389e-12, |x|=3.9994e+04, |dx|/|x|=7.3485e-17
info: Convergence criterion, component 1: |dx|=1.2003e-06, |x|=6.0382e+08, |dx|/|x|=1.9878e-15
info: Convergence criterion, component 2: |dx|=4.8815e-18, |x|=4.0601e-03, |dx|/|x|=1.2023e-15
info: Convergence criterion, component 3: |dx|=4.9165e-18, |x|=4.0218e-03, |dx|/|x|=1.2225e-15
info: [time] Iteration #6 took 0.0808861 s.
info: [time] Solving process #0 took 0.475051 s in time step #7 
info: [time] Time step #7 took 0.476443 s.
info: === Time stepping at step #8 and time 40000 with step size 5000
info: [time] Assembly took 0.0232564 s.
info: [time] Applying Dirichlet BCs took 0.000920448 s.
info: ------------------------------------------------------------------
info: *** Eigen solver computation
info: -> scale
info: -> solve with BiCGSTAB (precon ILUT)
info: 	 iteration: 3/10000
info: 	 residual: 2.348846e-10

info: ------------------------------------------------------------------
info: [time] Linear solver took 0.0495035 s.
info: Convergence criterion, component 0: |dx|=6.3204e+01, |x|=4.0018e+04, |dx|/|x|=1.5794e-03
info: Convergence criterion, component 1: |dx|=2.8780e+07, |x|=5.8504e+08, |dx|/|x|=4.9193e-02
info: Convergence criterion, component 2: |dx|=1.5551e-04, |x|=4.1071e-03, |dx|/|x|=3.7864e-02
info: Convergence criterion, component 3: |dx|=1.5514e-04, |x|=4.0686e-03, |dx|/|x|=3.8130e-02
info: [time] Iteration #1 took 0.0743497 s.
info: [time] Assembly took 0.0255813 s.
info: [time] Applying Dirichlet BCs took 0.000990066 s.
info: ------------------------------------------------------------------
info: *** Eigen solver computation
info: -> scale
info: -> solve with BiCGSTAB (precon ILUT)
info: 	 iteration: 3/10000
info: 	 residual: 1.350986e-11

info: ------------------------------------------------------------------
info: [time] Linear solver took 0.0496731 s.
info: Convergence criterion, component 0: |dx|=1.1310e-02, |x|=4.0018e+04, |dx|/|x|=2.8263e-07
info: Convergence criterion, component 1: |dx|=1.1341e+07, |x|=5.7387e+08, |dx|/|x|=1.9762e-02
info: Convergence criterion, component 2: |dx|=1.9893e-06, |x|=4.1090e-03, |dx|/|x|=4.8413e-04
info: Convergence criterion, component 3: |dx|=1.9707e-06, |x|=4.0705e-03, |dx|/|x|=4.8414e-04
info: [time] Iteration #2 took 0.0769253 s.
info: [time] Assembly took 0.0251221 s.
info: [time] Applying Dirichlet BCs took 0.000974419 s.
info: ------------------------------------------------------------------
info: *** Eigen solver computation
info: -> scale
info: -> solve with BiCGSTAB (precon ILUT)
info: 	 iteration: 3/10000
info: 	 residual: 8.025269e-12

info: ------------------------------------------------------------------
info: [time] Linear solver took 0.0496153 s.
info: Convergence criterion, component 0: |dx|=3.0080e-06, |x|=4.0018e+04, |dx|/|x|=7.5167e-11
info: Convergence criterion, component 1: |dx|=2.0868e+03, |x|=5.7387e+08, |dx|/|x|=3.6364e-06
info: Convergence criterion, component 2: |dx|=4.1075e-10, |x|=4.1090e-03, |dx|/|x|=9.9965e-08
info: Convergence criterion, component 3: |dx|=4.0562e-10, |x|=4.0705e-03, |dx|/|x|=9.9650e-08
info: [time] Iteration #3 took 0.0764217 s.
info: [time] Assembly took 0.0258773 s.
info: [time] Applying Dirichlet BCs took 0.00102217 s.
info: ------------------------------------------------------------------
info: *** Eigen solver computation
info: -> scale
info: -> solve with BiCGSTAB (precon ILUT)
info: 	 iteration: 3/10000
info: 	 residual: 9.376394e-12

info: ------------------------------------------------------------------
info: [time] Linear solver took 0.0495573 s.
info: Convergence criterion, component 0: |dx|=2.0938e-10, |x|=4.0018e+04, |dx|/|x|=5.2321e-15
info: Convergence criterion, component 1: |dx|=5.0248e-01, |x|=5.7387e+08, |dx|/|x|=8.7560e-10
info: Convergence criterion, component 2: |dx|=1.3561e-13, |x|=4.1090e-03, |dx|/|x|=3.3002e-11
info: Convergence criterion, component 3: |dx|=1.3421e-13, |x|=4.0705e-03, |dx|/|x|=3.2972e-11
info: [time] Iteration #4 took 0.0771477 s.
info: [time] Assembly took 0.0254466 s.
info: [time] Applying Dirichlet BCs took 0.00102963 s.
info: ------------------------------------------------------------------
info: *** Eigen solver computation
info: -> scale
info: -> solve with BiCGSTAB (precon ILUT)
info: 	 iteration: 3/10000
info: 	 residual: 4.526786e-12

info: ------------------------------------------------------------------
info: [time] Linear solver took 0.0519057 s.
info: Convergence criterion, component 0: |dx|=2.1222e-11, |x|=4.0018e+04, |dx|/|x|=5.3032e-16
info: Convergence criterion, component 1: |dx|=3.2880e-05, |x|=5.7387e+08, |dx|/|x|=5.7296e-14
info: Convergence criterion, component 2: |dx|=2.7489e-17, |x|=4.1090e-03, |dx|/|x|=6.6901e-15
info: Convergence criterion, component 3: |dx|=2.5734e-17, |x|=4.0705e-03, |dx|/|x|=6.3221e-15
info: [time] Iteration #5 took 0.0790638 s.
info: [time] Assembly took 0.0252464 s.
info: [time] Applying Dirichlet BCs took 0.000994153 s.
info: ------------------------------------------------------------------
info: *** Eigen solver computation
info: -> scale
info: -> solve with BiCGSTAB (precon ILUT)
info: 	 iteration: 3/10000
info: 	 residual: 3.724906e-10

info: ------------------------------------------------------------------
info: [time] Linear solver took 0.0540101 s.
info: Convergence criterion, component 0: |dx|=8.0445e-12, |x|=4.0018e+04, |dx|/|x|=2.0102e-16
info: Convergence criterion, component 1: |dx|=1.3631e-06, |x|=5.7387e+08, |dx|/|x|=2.3754e-15
info: Convergence criterion, component 2: |dx|=7.0972e-18, |x|=4.1090e-03, |dx|/|x|=1.7272e-15
info: Convergence criterion, component 3: |dx|=8.2777e-18, |x|=4.0705e-03, |dx|/|x|=2.0336e-15
info: [time] Iteration #6 took 0.0810062 s.
info: [time] Solving process #0 took 0.470149 s in time step #8 
info: [time] Time step #8 took 0.471498 s.
info: === Time stepping at step #9 and time 45000 with step size 5000
info: [time] Assembly took 0.0232304 s.
info: [time] Applying Dirichlet BCs took 0.00110981 s.
info: ------------------------------------------------------------------
info: *** Eigen solver computation
info: -> scale
info: -> solve with BiCGSTAB (precon ILUT)
info: 	 iteration: 3/10000
info: 	 residual: 2.552462e-10

info: ------------------------------------------------------------------
info: [time] Linear solver took 0.0517501 s.
info: Convergence criterion, component 0: |dx|=5.2443e+01, |x|=4.0038e+04, |dx|/|x|=1.3098e-03
info: Convergence criterion, component 1: |dx|=2.4010e+07, |x|=5.5798e+08, |dx|/|x|=4.3030e-02
info: Convergence criterion, component 2: |dx|=1.3750e-04, |x|=4.1497e-03, |dx|/|x|=3.3135e-02
info: Convergence criterion, component 3: |dx|=1.3744e-04, |x|=4.1112e-03, |dx|/|x|=3.3431e-02
info: [time] Iteration #1 took 0.0768355 s.
info: [time] Assembly took 0.0252853 s.
info: [time] Applying Dirichlet BCs took 0.00105849 s.
info: ------------------------------------------------------------------
info: *** Eigen solver computation
info: -> scale
info: -> solve with BiCGSTAB (precon ILUT)
info: 	 iteration: 3/10000
info: 	 residual: 2.354671e-11

info: ------------------------------------------------------------------
info: [time] Linear solver took 0.0494776 s.
info: Convergence criterion, component 0: |dx|=7.9073e-03, |x|=4.0038e+04, |dx|/|x|=1.9750e-07
info: Convergence criterion, component 1: |dx|=9.4667e+06, |x|=5.4866e+08, |dx|/|x|=1.7254e-02
info: Convergence criterion, component 2: |dx|=1.5269e-06, |x|=4.1511e-03, |dx|/|x|=3.6784e-04
info: Convergence criterion, component 3: |dx|=1.5124e-06, |x|=4.1126e-03, |dx|/|x|=3.6774e-04
info: [time] Iteration #2 took 0.07657 s.
info: [time] Assembly took 0.026566 s.
info: [time] Applying Dirichlet BCs took 0.000992045 s.
info: ------------------------------------------------------------------
info: *** Eigen solver computation
info: -> scale
info: -> solve with BiCGSTAB (precon ILUT)
info: 	 iteration: 3/10000
info: 	 residual: 7.933570e-12

info: ------------------------------------------------------------------
info: [time] Linear solver took 0.0497761 s.
info: Convergence criterion, component 0: |dx|=1.9195e-06, |x|=4.0038e+04, |dx|/|x|=4.7943e-11
info: Convergence criterion, component 1: |dx|=1.4704e+03, |x|=5.4865e+08, |dx|/|x|=2.6800e-06
info: Convergence criterion, component 2: |dx|=2.7290e-10, |x|=4.1511e-03, |dx|/|x|=6.5742e-08
info: Convergence criterion, component 3: |dx|=2.6911e-10, |x|=4.1126e-03, |dx|/|x|=6.5436e-08
info: [time] Iteration #3 took 0.0780828 s.
info: [time] Assembly took 0.0258253 s.
info: [time] Applying Dirichlet BCs took 0.00118348 s.
info: ------------------------------------------------------------------
info: *** Eigen solver computation
info: -> scale
info: -> solve with BiCGSTAB (precon ILUT)
info: 	 iteration: 3/10000
info: 	 residual: 8.738594e-12

info: ------------------------------------------------------------------
info: [time] Linear solver took 0.0538618 s.
info: Convergence criterion, component 0: |dx|=1.5254e-10, |x|=4.0038e+04, |dx|/|x|=3.8099e-15
info: Convergence criterion, component 1: |dx|=3.1741e-01, |x|=5.4865e+08, |dx|/|x|=5.7853e-10
info: Convergence criterion, component 2: |dx|=8.6740e-14, |x|=4.1511e-03, |dx|/|x|=2.0896e-11
info: Convergence criterion, component 3: |dx|=8.5763e-14, |x|=4.1126e-03, |dx|/|x|=2.0854e-11
info: [time] Iteration #4 took 0.0815719 s.
info: [time] Assembly took 0.0255125 s.
info: [time] Applying Dirichlet BCs took 0.00121282 s.
info: ------------------------------------------------------------------
info: *** Eigen solver computation
info: -> scale
info: -> solve with BiCGSTAB (precon ILUT)
info: 	 iteration: 3/10000
info: 	 residual: 1.157369e-11

info: ------------------------------------------------------------------
info: [time] Linear solver took 0.0548528 s.
info: Convergence criterion, component 0: |dx|=2.9157e-11, |x|=4.0038e+04, |dx|/|x|=7.2824e-16
info: Convergence criterion, component 1: |dx|=1.7758e-05, |x|=5.4865e+08, |dx|/|x|=3.2366e-14
info: Convergence criterion, component 2: |dx|=1.9989e-17, |x|=4.1511e-03, |dx|/|x|=4.8155e-15
info: Convergence criterion, component 3: |dx|=1.9744e-17, |x|=4.1126e-03, |dx|/|x|=4.8009e-15
info: [time] Iteration #5 took 0.0822467 s.
info: [time] Assembly took 0.025167 s.
info: [time] Applying Dirichlet BCs took 0.00100742 s.
info: ------------------------------------------------------------------
info: *** Eigen solver computation
info: -> scale
info: -> solve with BiCGSTAB (precon ILUT)
info: 	 iteration: 3/10000
info: 	 residual: 3.528088e-12

info: ------------------------------------------------------------------
info: [time] Linear solver took 0.0497291 s.
info: Convergence criterion, component 0: |dx|=9.9265e-12, |x|=4.0038e+04, |dx|/|x|=2.4793e-16
info: Convergence criterion, component 1: |dx|=4.2563e-06, |x|=5.4865e+08, |dx|/|x|=7.7577e-15
info: Convergence criterion, component 2: |dx|=3.7187e-18, |x|=4.1511e-03, |dx|/|x|=8.9584e-16
info: Convergence criterion, component 3: |dx|=5.7656e-18, |x|=4.1126e-03, |dx|/|x|=1.4019e-15
info: [time] Iteration #6 took 0.0765985 s.
info: [time] Solving process #0 took 0.4775 s in time step #9 
info: [time] Time step #9 took 0.478891 s.
info: === Time stepping at step #10 and time 50000 with step size 5000
info: [time] Assembly took 0.0235268 s.
info: [time] Applying Dirichlet BCs took 0.000990351 s.
info: ------------------------------------------------------------------
info: *** Eigen solver computation
info: -> scale
info: -> solve with BiCGSTAB (precon ILUT)
info: 	 iteration: 3/10000
info: 	 residual: 2.938412e-10

info: ------------------------------------------------------------------
info: [time] Linear solver took 0.0502687 s.
info: Convergence criterion, component 0: |dx|=4.4483e+01, |x|=4.0054e+04, |dx|/|x|=1.1106e-03
info: Convergence criterion, component 1: |dx|=2.0462e+07, |x|=5.3495e+08, |dx|/|x|=3.8251e-02
info: Convergence criterion, component 2: |dx|=1.2326e-04, |x|=4.1869e-03, |dx|/|x|=2.9440e-02
info: Convergence criterion, component 3: |dx|=1.2340e-04, |x|=4.1486e-03, |dx|/|x|=2.9745e-02
info: [time] Iteration #1 took 0.0754973 s.
info: [time] Assembly took 0.0257035 s.
info: [time] Applying Dirichlet BCs took 0.000996293 s.
info: ------------------------------------------------------------------
info: *** Eigen solver computation
info: -> scale
info: -> solve with BiCGSTAB (precon ILUT)
info: 	 iteration: 3/10000
info: 	 residual: 4.071389e-11

info: ------------------------------------------------------------------
info: [time] Linear solver took 0.0498818 s.
info: Convergence criterion, component 0: |dx|=5.7417e-03, |x|=4.0054e+04, |dx|/|x|=1.4335e-07
info: Convergence criterion, component 1: |dx|=8.0668e+06, |x|=5.2701e+08, |dx|/|x|=1.5307e-02
info: Convergence criterion, component 2: |dx|=1.2092e-06, |x|=4.1881e-03, |dx|/|x|=2.8873e-04
info: Convergence criterion, component 3: |dx|=1.1978e-06, |x|=4.1497e-03, |dx|/|x|=2.8865e-04
info: [time] Iteration #2 took 0.0772969 s.
info: [time] Assembly took 0.0255795 s.
info: [time] Applying Dirichlet BCs took 0.00103972 s.
info: ------------------------------------------------------------------
info: *** Eigen solver computation
info: -> scale
info: -> solve with BiCGSTAB (precon ILUT)
info: 	 iteration: 3/10000
info: 	 residual: 8.390741e-12

info: ------------------------------------------------------------------
info: [time] Linear solver took 0.0519728 s.
info: Convergence criterion, component 0: |dx|=1.3027e-06, |x|=4.0054e+04, |dx|/|x|=3.2523e-11
info: Convergence criterion, component 1: |dx|=1.0745e+03, |x|=5.2701e+08, |dx|/|x|=2.0390e-06
info: Convergence criterion, component 2: |dx|=1.9024e-10, |x|=4.1881e-03, |dx|/|x|=4.5424e-08
info: Convergence criterion, component 3: |dx|=1.8744e-10, |x|=4.1497e-03, |dx|/|x|=4.5169e-08
info: [time] Iteration #3 took 0.0793045 s.
info: [time] Assembly took 0.0252821 s.
info: [time] Applying Dirichlet BCs took 0.00100213 s.
info: ------------------------------------------------------------------
info: *** Eigen solver computation
info: -> scale
info: -> solve with BiCGSTAB (precon ILUT)
info: 	 iteration: 3/10000
info: 	 residual: 7.868919e-12

info: ------------------------------------------------------------------
info: [time] Linear solver took 0.0498781 s.
info: Convergence criterion, component 0: |dx|=1.5611e-10, |x|=4.0054e+04, |dx|/|x|=3.8976e-15
info: Convergence criterion, component 1: |dx|=2.1289e-01, |x|=5.2701e+08, |dx|/|x|=4.0395e-10
info: Convergence criterion, component 2: |dx|=5.9989e-14, |x|=4.1881e-03, |dx|/|x|=1.4324e-11
info: Convergence criterion, component 3: |dx|=5.9273e-14, |x|=4.1497e-03, |dx|/|x|=1.4284e-11
info: [time] Iteration #4 took 0.0768715 s.
info: [time] Assembly took 0.0259617 s.
info: [time] Applying Dirichlet BCs took 0.000872787 s.
info: ------------------------------------------------------------------
info: *** Eigen solver computation
info: -> scale
info: -> solve with BiCGSTAB (precon ILUT)
info: 	 iteration: 3/10000
info: 	 residual: 2.394795e-11

info: ------------------------------------------------------------------
info: [time] Linear solver took 0.0496806 s.
info: Convergence criterion, component 0: |dx|=2.0727e-11, |x|=4.0054e+04, |dx|/|x|=5.1746e-16
info: Convergence criterion, component 1: |dx|=2.2675e-05, |x|=5.2701e+08, |dx|/|x|=4.3025e-14
info: Convergence criterion, component 2: |dx|=1.1698e-17, |x|=4.1881e-03, |dx|/|x|=2.7932e-15
info: Convergence criterion, component 3: |dx|=1.3855e-17, |x|=4.1497e-03, |dx|/|x|=3.3387e-15
info: [time] Iteration #5 took 0.0772129 s.
info: [time] Assembly took 0.025823 s.
info: [time] Applying Dirichlet BCs took 0.0010341 s.
info: ------------------------------------------------------------------
info: *** Eigen solver computation
info: -> scale
info: -> solve with BiCGSTAB (precon ILUT)
info: 	 iteration: 3/10000
info: 	 residual: 4.609347e-11

info: ------------------------------------------------------------------
info: [time] Linear solver took 0.0517714 s.
info: Convergence criterion, component 0: |dx|=8.9292e-12, |x|=4.0054e+04, |dx|/|x|=2.2293e-16
info: Convergence criterion, component 1: |dx|=8.5012e-07, |x|=5.2701e+08, |dx|/|x|=1.6131e-15
info: Convergence criterion, component 2: |dx|=6.7791e-18, |x|=4.1881e-03, |dx|/|x|=1.6187e-15
info: Convergence criterion, component 3: |dx|=8.7094e-18, |x|=4.1497e-03, |dx|/|x|=2.0988e-15
info: [time] Iteration #6 took 0.0793146 s.
info: [time] Solving process #0 took 0.470751 s in time step #10 
info: [time] Time step #10 took 0.472068 s.
info: [time] Output of timestep 10 took 0.00818604 s.
info: The whole computation of the time stepping took 10 steps, in which
	 the accepted steps are 10, and the rejected steps are 0.

info: [time] Execution took 5.07682 s.
info: OGS terminated on 2021-05-23 16:49:50+0200.
